T3198 147:881.488   SEGGER J-Link V8.26 Log File
T3198 147:881.632   DLL Compiled: Apr 11 2025 07:49:49
T3198 147:881.632   Logging started @ 2025-04-16 13:52
T3198 147:881.648   Process: D:\Atmel\Studio\7.0\atbackend\atbackend.exe
T3198 147:881.664 - 6368.810ms 
T3198 147:881.968 JLINK_EMU_SelectByUSBSN(SerialNo = 801056947)
T3198 147:885.584 - 3.617ms returns 0xFFFFFFFF
T3198 147:885.616 JLINK_OpenEx(...)
T3198 147:891.472   Looking for J-Link GUI Server exe at: D:\Atmel\Studio\7.0\atbackend\JLinkGUIServer.exe
T3198 147:891.808   Looking for J-Link GUI Server exe at: D:\\JLink_V826\JLinkGUIServer.exe
T3198 147:892.016   Forking J-Link GUI Server: D:\\JLink_V826\JLinkGUIServer.exe
T3198 147:918.048   J-Link GUI Server info: "J-Link GUI server V8.26 "
T3198 148:725.952   
  ***** Error: 
T3198 148:725.984   Cannot connect to J-Link.
T3198 148:727.920 - 842.308ms returns "Cannot connect to J-Link."
T3198 148:728.016 JLINK_ExecCommand("ProjectFile = D:\course_resource\ESE_5160\Homework\A07G~A14G\final-project-a07g-a14g-t10-web-weaver\CLI Starter Code\jlink.config", ...). 
T3198 148:728.736 - 0.722ms returns 0x00
T3198 148:742.624 JLINK_SetLogFile(...)
T3198 148:742.704 - 0.072ms 
T3528 149:017.504 JLINK_EMU_GetList(InterfaceMask = 0x00000001, MaxInfos = 0x00000032) 
T3528 149:020.512 - 3.004ms returns 0
T3528 149:020.528 JLINK_EMU_GetList(InterfaceMask = 0x00000002, MaxInfos = 0x00000032) 
T3528 149:047.008 - 26.474ms returns 0
T3528 150:208.048 JLINK_EMU_GetList(InterfaceMask = 0x00000001, MaxInfos = 0x00000032) 
T3528 150:211.632 - 3.579ms returns 0
T3528 150:211.664 JLINK_EMU_GetList(InterfaceMask = 0x00000002, MaxInfos = 0x00000032) 
T3528 150:238.944 - 27.272ms returns 0
T3528 151:343.696 JLINK_EMU_GetList(InterfaceMask = 0x00000001, MaxInfos = 0x00000032) 
T3528 151:346.128 - 2.435ms returns 0
T3528 151:346.144 JLINK_EMU_GetList(InterfaceMask = 0x00000002, MaxInfos = 0x00000032) 
T3528 151:372.000 - 25.842ms returns 0
T3528 152:486.864 JLINK_EMU_GetList(InterfaceMask = 0x00000001, MaxInfos = 0x00000032) 
T3528 152:489.056 - 2.197ms returns 0
T3528 152:489.072 JLINK_EMU_GetList(InterfaceMask = 0x00000002, MaxInfos = 0x00000032) 
T3528 152:517.920 - 28.834ms returns 0
T3528 153:614.656 JLINK_EMU_GetList(InterfaceMask = 0x00000001, MaxInfos = 0x00000032) 
T3528 153:616.368 - 1.715ms returns 0
T3528 153:616.384 JLINK_EMU_GetList(InterfaceMask = 0x00000002, MaxInfos = 0x00000032) 
T3528 153:641.952 - 25.577ms returns 0
T3528 154:744.064 JLINK_EMU_GetList(InterfaceMask = 0x00000001, MaxInfos = 0x00000032) 
T3528 154:745.808 - 1.736ms returns 0
T3528 154:745.824 JLINK_EMU_GetList(InterfaceMask = 0x00000002, MaxInfos = 0x00000032) 
T3528 154:770.960 - 25.140ms returns 0
T3528 155:883.392 JLINK_EMU_GetList(InterfaceMask = 0x00000001, MaxInfos = 0x00000032) 
T3528 155:885.328 - 1.933ms returns 0
T3528 155:885.344 JLINK_EMU_GetList(InterfaceMask = 0x00000002, MaxInfos = 0x00000032) 
T3528 155:910.944 - 25.607ms returns 0
T3528 157:013.568 JLINK_EMU_GetList(InterfaceMask = 0x00000001, MaxInfos = 0x00000032) 
T3528 157:015.824 - 2.254ms returns 0
T3528 157:015.840 JLINK_EMU_GetList(InterfaceMask = 0x00000002, MaxInfos = 0x00000032) 
T3528 157:043.168 - 27.317ms returns 0
T3528 158:159.136 JLINK_EMU_GetList(InterfaceMask = 0x00000001, MaxInfos = 0x00000032) 
T3528 158:160.736 - 1.602ms returns 0
T3528 158:160.752 JLINK_EMU_GetList(InterfaceMask = 0x00000002, MaxInfos = 0x00000032) 
T3528 158:186.928 - 26.172ms returns 0
T3528 159:311.520 JLINK_EMU_GetList(InterfaceMask = 0x00000001, MaxInfos = 0x00000032) 
T3528 159:313.584 - 2.055ms returns 0
T3528 159:313.600 JLINK_EMU_GetList(InterfaceMask = 0x00000002, MaxInfos = 0x00000032) 
T3528 159:338.928 - 25.331ms returns 0
T3528 160:465.232 JLINK_EMU_GetList(InterfaceMask = 0x00000001, MaxInfos = 0x00000032) 
T3528 160:467.056 - 1.831ms returns 0
T3528 160:467.088 JLINK_EMU_GetList(InterfaceMask = 0x00000002, MaxInfos = 0x00000032) 
T3528 160:492.960 - 25.880ms returns 0
T3528 161:617.744 JLINK_EMU_GetList(InterfaceMask = 0x00000001, MaxInfos = 0x00000032) 
T3528 161:619.552 - 1.817ms returns 0
T3528 161:619.568 JLINK_EMU_GetList(InterfaceMask = 0x00000002, MaxInfos = 0x00000032) 
T3528 161:644.944 - 25.363ms returns 0
T3528 162:766.352 JLINK_EMU_GetList(InterfaceMask = 0x00000001, MaxInfos = 0x00000032) 
T3528 162:768.784 - 2.429ms returns 0
T3528 162:768.800 JLINK_EMU_GetList(InterfaceMask = 0x00000002, MaxInfos = 0x00000032) 
T3528 162:794.960 - 26.162ms returns 0
T3528 163:932.320 JLINK_EMU_GetList(InterfaceMask = 0x00000001, MaxInfos = 0x00000032) 
T3528 163:934.288 - 1.961ms returns 0
T3528 163:934.304 JLINK_EMU_GetList(InterfaceMask = 0x00000002, MaxInfos = 0x00000032) 
T3528 163:959.904 - 25.584ms returns 0
T3528 165:114.368 JLINK_EMU_GetList(InterfaceMask = 0x00000001, MaxInfos = 0x00000032) 
T3528 165:116.064 - 1.682ms returns 0
T3528 165:116.064 JLINK_EMU_GetList(InterfaceMask = 0x00000002, MaxInfos = 0x00000032) 
T3528 165:140.928 - 24.854ms returns 0
T3528 166:247.584 JLINK_EMU_GetList(InterfaceMask = 0x00000001, MaxInfos = 0x00000032) 
T3528 166:250.208 - 2.614ms returns 0
T3528 166:250.208 JLINK_EMU_GetList(InterfaceMask = 0x00000002, MaxInfos = 0x00000032) 
T3528 166:275.936 - 25.730ms returns 0
T3528 167:369.728 JLINK_EMU_GetList(InterfaceMask = 0x00000001, MaxInfos = 0x00000032) 
T3528 167:371.696 - 1.967ms returns 0
T3528 167:371.712 JLINK_EMU_GetList(InterfaceMask = 0x00000002, MaxInfos = 0x00000032) 
T3528 167:396.912 - 25.208ms returns 0
T3528 168:499.184 JLINK_EMU_GetList(InterfaceMask = 0x00000001, MaxInfos = 0x00000032) 
T3528 168:501.408 - 2.226ms returns 0
T3528 168:501.424 JLINK_EMU_GetList(InterfaceMask = 0x00000002, MaxInfos = 0x00000032) 
T3528 168:527.936 - 26.498ms returns 0
T3528 169:638.336 JLINK_EMU_GetList(InterfaceMask = 0x00000001, MaxInfos = 0x00000032) 
T3528 169:640.864 - 2.531ms returns 0
T3528 169:640.896 JLINK_EMU_GetList(InterfaceMask = 0x00000002, MaxInfos = 0x00000032) 
T3528 169:667.920 - 27.021ms returns 0
T3528 170:810.400 JLINK_EMU_GetList(InterfaceMask = 0x00000001, MaxInfos = 0x00000032) 
T3528 170:813.744 - 3.340ms returns 0
T3528 170:813.792 JLINK_EMU_GetList(InterfaceMask = 0x00000002, MaxInfos = 0x00000032) 
T3528 170:840.928 - 27.129ms returns 0
T3528 171:956.848 JLINK_EMU_GetList(InterfaceMask = 0x00000001, MaxInfos = 0x00000032) 
T3528 171:958.928 - 2.072ms returns 0
T3528 171:958.944 JLINK_EMU_GetList(InterfaceMask = 0x00000002, MaxInfos = 0x00000032) 
T3528 171:984.928 - 25.970ms returns 0
T3528 173:098.752 JLINK_EMU_GetList(InterfaceMask = 0x00000001, MaxInfos = 0x00000032) 
T3528 173:100.640 - 1.887ms returns 0
T3528 173:100.640 JLINK_EMU_GetList(InterfaceMask = 0x00000002, MaxInfos = 0x00000032) 
T3528 173:125.952 - 25.297ms returns 0
T3528 174:227.408 JLINK_EMU_GetList(InterfaceMask = 0x00000001, MaxInfos = 0x00000032) 
T3528 174:229.536 - 2.140ms returns 0
T3528 174:229.552 JLINK_EMU_GetList(InterfaceMask = 0x00000002, MaxInfos = 0x00000032) 
T3528 174:255.904 - 26.350ms returns 0
T3528 175:375.312 JLINK_EMU_GetList(InterfaceMask = 0x00000001, MaxInfos = 0x00000032) 
T3528 175:377.088 - 1.778ms returns 0
T3528 175:377.104 JLINK_EMU_GetList(InterfaceMask = 0x00000002, MaxInfos = 0x00000032) 
T3528 175:401.984 - 24.884ms returns 0
T3528 176:522.544 JLINK_EMU_GetList(InterfaceMask = 0x00000001, MaxInfos = 0x00000032) 
T3528 176:526.544 - 3.987ms returns 0
T3528 176:526.560 JLINK_EMU_GetList(InterfaceMask = 0x00000002, MaxInfos = 0x00000032) 
T3528 176:554.976 - 28.406ms returns 0
T3528 177:693.968 JLINK_EMU_GetList(InterfaceMask = 0x00000001, MaxInfos = 0x00000032) 
T3528 177:696.576 - 2.610ms returns 0
T3528 177:696.592 JLINK_EMU_GetList(InterfaceMask = 0x00000002, MaxInfos = 0x00000032) 
T3528 177:723.056 - 26.465ms returns 0
T3528 178:830.400 JLINK_EMU_GetList(InterfaceMask = 0x00000001, MaxInfos = 0x00000032) 
T3528 178:832.736 - 2.339ms returns 0
T3528 178:832.752 JLINK_EMU_GetList(InterfaceMask = 0x00000002, MaxInfos = 0x00000032) 
T3528 178:859.936 - 27.170ms returns 0
T3528 179:981.328 JLINK_EMU_GetList(InterfaceMask = 0x00000001, MaxInfos = 0x00000032) 
T3528 179:983.376 - 2.046ms returns 0
T3528 179:983.392 JLINK_EMU_GetList(InterfaceMask = 0x00000002, MaxInfos = 0x00000032) 
T3528 180:009.920 - 26.519ms returns 0
T3528 181:171.664 JLINK_EMU_GetList(InterfaceMask = 0x00000001, MaxInfos = 0x00000032) 
T3528 181:174.992 - 3.325ms returns 0
T3528 181:175.008 JLINK_EMU_GetList(InterfaceMask = 0x00000002, MaxInfos = 0x00000032) 
T3528 181:201.920 - 26.899ms returns 0
T3528 182:363.808 JLINK_EMU_GetList(InterfaceMask = 0x00000001, MaxInfos = 0x00000032) 
T3528 182:368.544 - 4.737ms returns 0
T3528 182:368.592 JLINK_EMU_GetList(InterfaceMask = 0x00000002, MaxInfos = 0x00000032) 
T3528 182:397.616 - 29.031ms returns 0
T3528 183:525.840 JLINK_EMU_GetList(InterfaceMask = 0x00000001, MaxInfos = 0x00000032) 
T3528 183:528.288 - 2.453ms returns 0
T3528 183:528.304 JLINK_EMU_GetList(InterfaceMask = 0x00000002, MaxInfos = 0x00000032) 
T3528 183:554.624 - 26.309ms returns 0
T3528 184:678.976 JLINK_EMU_GetList(InterfaceMask = 0x00000001, MaxInfos = 0x00000032) 
T3528 184:681.232 - 2.249ms returns 0
T3528 184:681.248 JLINK_EMU_GetList(InterfaceMask = 0x00000002, MaxInfos = 0x00000032) 
T3528 184:707.616 - 26.368ms returns 0
T3528 185:836.064 JLINK_EMU_GetList(InterfaceMask = 0x00000001, MaxInfos = 0x00000032) 
T3528 185:838.752 - 2.669ms returns 0
T3528 185:838.752 JLINK_EMU_GetList(InterfaceMask = 0x00000002, MaxInfos = 0x00000032) 
T3528 185:865.616 - 26.849ms returns 0
T3528 187:001.200 JLINK_EMU_GetList(InterfaceMask = 0x00000001, MaxInfos = 0x00000032) 
T3528 187:004.480 - 3.284ms returns 0
T3528 187:004.512 JLINK_EMU_GetList(InterfaceMask = 0x00000002, MaxInfos = 0x00000032) 
T3528 187:032.608 - 28.089ms returns 0
T3528 188:222.544 JLINK_EMU_GetList(InterfaceMask = 0x00000001, MaxInfos = 0x00000032) 
T3528 188:224.928 - 2.380ms returns 0
T3528 188:224.944 JLINK_EMU_GetList(InterfaceMask = 0x00000002, MaxInfos = 0x00000032) 
T3528 188:254.176 - 29.238ms returns 0
T3528 189:401.136 JLINK_EMU_GetList(InterfaceMask = 0x00000001, MaxInfos = 0x00000032) 
T3528 189:404.256 - 3.122ms returns 0
T3528 189:404.288 JLINK_EMU_GetList(InterfaceMask = 0x00000002, MaxInfos = 0x00000032) 
T3528 189:431.248 - 26.958ms returns 0
T3528 190:574.496 JLINK_EMU_GetList(InterfaceMask = 0x00000001, MaxInfos = 0x00000032) 
T3528 190:578.592 - 4.105ms returns 0
T3528 190:578.656 JLINK_EMU_GetList(InterfaceMask = 0x00000002, MaxInfos = 0x00000032) 
T3528 190:608.816 - 30.163ms returns 0
T3528 191:771.376 JLINK_EMU_GetList(InterfaceMask = 0x00000001, MaxInfos = 0x00000032) 
T3528 191:774.032 - 2.641ms returns 0
T3528 191:774.048 JLINK_EMU_GetList(InterfaceMask = 0x00000002, MaxInfos = 0x00000032) 
T3528 191:801.760 - 27.696ms returns 0
T3528 192:918.064 JLINK_EMU_GetList(InterfaceMask = 0x00000001, MaxInfos = 0x00000032) 
T3528 192:920.560 - 2.493ms returns 0
T3528 192:920.592 JLINK_EMU_GetList(InterfaceMask = 0x00000002, MaxInfos = 0x00000032) 
T3528 192:946.288 - 25.700ms returns 0
T3528 194:107.568 JLINK_EMU_GetList(InterfaceMask = 0x00000001, MaxInfos = 0x00000032) 
T3528 194:109.760 - 2.192ms returns 0
T3528 194:109.776 JLINK_EMU_GetList(InterfaceMask = 0x00000002, MaxInfos = 0x00000032) 
T3528 194:136.240 - 26.465ms returns 0
T3528 195:257.344 JLINK_EMU_GetList(InterfaceMask = 0x00000001, MaxInfos = 0x00000032) 
T3528 195:259.648 - 2.306ms returns 0
T3528 195:259.680 JLINK_EMU_GetList(InterfaceMask = 0x00000002, MaxInfos = 0x00000032) 
T3528 195:286.400 - 26.729ms returns 0
T3528 196:410.720 JLINK_EMU_GetList(InterfaceMask = 0x00000001, MaxInfos = 0x00000032) 
T3528 196:414.368 - 3.635ms returns 0
T3528 196:414.384 JLINK_EMU_GetList(InterfaceMask = 0x00000002, MaxInfos = 0x00000032) 
T3528 196:440.400 - 26.002ms returns 0
T3528 197:550.432 JLINK_EMU_GetList(InterfaceMask = 0x00000001, MaxInfos = 0x00000032) 
T3528 197:552.928 - 2.496ms returns 0
T3528 197:552.928 JLINK_EMU_GetList(InterfaceMask = 0x00000002, MaxInfos = 0x00000032) 
T3528 197:580.400 - 27.465ms returns 0
T3528 198:706.336 JLINK_EMU_GetList(InterfaceMask = 0x00000001, MaxInfos = 0x00000032) 
T3528 198:710.432 - 4.112ms returns 0
T3528 198:710.480 JLINK_EMU_GetList(InterfaceMask = 0x00000002, MaxInfos = 0x00000032) 
T3528 198:740.432 - 29.956ms returns 0
T3528 199:837.744 JLINK_EMU_GetList(InterfaceMask = 0x00000001, MaxInfos = 0x00000032) 
T3528 199:839.760 - 2.003ms returns 0
T3528 199:839.776 JLINK_EMU_GetList(InterfaceMask = 0x00000002, MaxInfos = 0x00000032) 
T3528 199:865.488 - 25.707ms returns 0
T3528 200:971.952 JLINK_EMU_GetList(InterfaceMask = 0x00000001, MaxInfos = 0x00000032) 
T3528 200:973.856 - 1.908ms returns 0
T3528 200:973.888 JLINK_EMU_GetList(InterfaceMask = 0x00000002, MaxInfos = 0x00000032) 
T3528 200:999.472 - 25.594ms returns 0
T3528 202:109.344 JLINK_EMU_GetList(InterfaceMask = 0x00000001, MaxInfos = 0x00000032) 
T3528 202:111.488 - 2.137ms returns 0
T3528 202:111.504 JLINK_EMU_GetList(InterfaceMask = 0x00000002, MaxInfos = 0x00000032) 
T3528 202:137.408 - 25.900ms returns 0
T3528 203:247.936 JLINK_EMU_GetList(InterfaceMask = 0x00000001, MaxInfos = 0x00000032) 
T3528 203:250.096 - 2.159ms returns 0
T3528 203:250.112 JLINK_EMU_GetList(InterfaceMask = 0x00000002, MaxInfos = 0x00000032) 
T3528 203:275.616 - 25.496ms returns 0
T3528 204:394.208 JLINK_EMU_GetList(InterfaceMask = 0x00000001, MaxInfos = 0x00000032) 
T3528 204:396.448 - 2.243ms returns 0
T3528 204:396.448 JLINK_EMU_GetList(InterfaceMask = 0x00000002, MaxInfos = 0x00000032) 
T3528 204:423.456 - 26.988ms returns 0
T3528 205:562.656 JLINK_EMU_GetList(InterfaceMask = 0x00000001, MaxInfos = 0x00000032) 
T3528 205:566.048 - 3.401ms returns 0
T3528 205:566.080 JLINK_EMU_GetList(InterfaceMask = 0x00000002, MaxInfos = 0x00000032) 
T3528 205:595.424 - 29.335ms returns 0
T3528 206:693.216 JLINK_EMU_GetList(InterfaceMask = 0x00000001, MaxInfos = 0x00000032) 
T3528 206:695.072 - 1.863ms returns 0
T3528 206:695.088 JLINK_EMU_GetList(InterfaceMask = 0x00000002, MaxInfos = 0x00000032) 
T3528 206:721.488 - 26.397ms returns 0
T3528 207:838.256 JLINK_EMU_GetList(InterfaceMask = 0x00000001, MaxInfos = 0x00000032) 
T3528 207:840.480 - 2.203ms returns 0
T3528 207:840.480 JLINK_EMU_GetList(InterfaceMask = 0x00000002, MaxInfos = 0x00000032) 
T3528 207:866.464 - 25.966ms returns 0
T3528 208:973.280 JLINK_EMU_GetList(InterfaceMask = 0x00000001, MaxInfos = 0x00000032) 
T3528 208:975.744 - 2.466ms returns 0
T3528 208:975.776 JLINK_EMU_GetList(InterfaceMask = 0x00000002, MaxInfos = 0x00000032) 
T3528 209:001.408 - 25.640ms returns 0
T3528 210:105.664 JLINK_EMU_GetList(InterfaceMask = 0x00000001, MaxInfos = 0x00000032) 
T3528 210:107.680 - 2.002ms returns 0
T3528 210:107.680 JLINK_EMU_GetList(InterfaceMask = 0x00000002, MaxInfos = 0x00000032) 
T3528 210:133.456 - 25.762ms returns 0
T3528 211:233.840 JLINK_EMU_GetList(InterfaceMask = 0x00000001, MaxInfos = 0x00000032) 
T3528 211:235.744 - 1.901ms returns 0
T3528 211:235.760 JLINK_EMU_GetList(InterfaceMask = 0x00000002, MaxInfos = 0x00000032) 
T3528 211:261.472 - 25.709ms returns 0
T3528 212:359.840 JLINK_EMU_GetList(InterfaceMask = 0x00000001, MaxInfos = 0x00000032) 
T3528 212:361.584 - 1.747ms returns 0
T3528 212:361.600 JLINK_EMU_GetList(InterfaceMask = 0x00000002, MaxInfos = 0x00000032) 
T3528 212:386.480 - 24.870ms returns 0
T3528 213:484.400 JLINK_EMU_GetList(InterfaceMask = 0x00000001, MaxInfos = 0x00000032) 
T3528 213:486.080 - 1.673ms returns 0
T3528 213:486.096 JLINK_EMU_GetList(InterfaceMask = 0x00000002, MaxInfos = 0x00000032) 
T3528 213:511.488 - 25.397ms returns 0
T3528 214:637.680 JLINK_EMU_GetList(InterfaceMask = 0x00000001, MaxInfos = 0x00000032) 
T3528 214:639.328 - 1.651ms returns 0
T3528 214:639.376 JLINK_EMU_GetList(InterfaceMask = 0x00000002, MaxInfos = 0x00000032) 
T3528 214:664.448 - 25.073ms returns 0
T3528 215:794.432 JLINK_EMU_GetList(InterfaceMask = 0x00000001, MaxInfos = 0x00000032) 
T3528 215:796.144 - 1.701ms returns 0
T3528 215:796.144 JLINK_EMU_GetList(InterfaceMask = 0x00000002, MaxInfos = 0x00000032) 
T3528 215:821.488 - 25.330ms returns 0
T3528 216:929.952 JLINK_EMU_GetList(InterfaceMask = 0x00000001, MaxInfos = 0x00000032) 
T3528 216:932.736 - 2.777ms returns 0
T3528 216:932.736 JLINK_EMU_GetList(InterfaceMask = 0x00000002, MaxInfos = 0x00000032) 
T3528 216:958.432 - 25.682ms returns 0
T3528 218:059.808 JLINK_EMU_GetList(InterfaceMask = 0x00000001, MaxInfos = 0x00000032) 
T3528 218:061.600 - 1.788ms returns 0
T3528 218:061.600 JLINK_EMU_GetList(InterfaceMask = 0x00000002, MaxInfos = 0x00000032) 
T3528 218:086.480 - 24.883ms returns 0
T3528 219:181.472 JLINK_EMU_GetList(InterfaceMask = 0x00000001, MaxInfos = 0x00000032) 
T3528 219:183.328 - 1.873ms returns 0
T3528 219:183.328 JLINK_EMU_GetList(InterfaceMask = 0x00000002, MaxInfos = 0x00000032) 
T3528 219:209.440 - 26.106ms returns 0
T3528 220:337.440 JLINK_EMU_GetList(InterfaceMask = 0x00000001, MaxInfos = 0x00000032) 
T3528 220:339.120 - 1.690ms returns 0
T3528 220:339.152 JLINK_EMU_GetList(InterfaceMask = 0x00000002, MaxInfos = 0x00000032) 
T3528 220:364.448 - 25.302ms returns 0
T3528 221:483.104 JLINK_EMU_GetList(InterfaceMask = 0x00000001, MaxInfos = 0x00000032) 
T3528 221:484.768 - 1.665ms returns 0
T3528 221:484.800 JLINK_EMU_GetList(InterfaceMask = 0x00000002, MaxInfos = 0x00000032) 
T3528 221:511.456 - 26.661ms returns 0
T3528 222:638.544 JLINK_EMU_GetList(InterfaceMask = 0x00000001, MaxInfos = 0x00000032) 
T3528 222:640.336 - 1.799ms returns 0
T3528 222:640.352 JLINK_EMU_GetList(InterfaceMask = 0x00000002, MaxInfos = 0x00000032) 
T3528 222:666.464 - 26.103ms returns 0
T3528 223:776.480 JLINK_EMU_GetList(InterfaceMask = 0x00000001, MaxInfos = 0x00000032) 
T3528 223:778.464 - 1.968ms returns 0
T3528 223:778.480 JLINK_EMU_GetList(InterfaceMask = 0x00000002, MaxInfos = 0x00000032) 
T3528 223:804.464 - 25.972ms returns 0
T3528 224:936.832 JLINK_EMU_GetList(InterfaceMask = 0x00000001, MaxInfos = 0x00000032) 
T3528 224:938.528 - 1.682ms returns 0
T3528 224:938.528 JLINK_EMU_GetList(InterfaceMask = 0x00000002, MaxInfos = 0x00000032) 
T3528 224:964.048 - 25.510ms returns 0
T3528 226:097.584 JLINK_EMU_GetList(InterfaceMask = 0x00000001, MaxInfos = 0x00000032) 
T3528 226:099.248 - 1.673ms returns 0
T3528 226:099.280 JLINK_EMU_GetList(InterfaceMask = 0x00000002, MaxInfos = 0x00000032) 
T3528 226:124.976 - 25.704ms returns 0
T3528 227:255.216 JLINK_EMU_GetList(InterfaceMask = 0x00000001, MaxInfos = 0x00000032) 
T3528 227:256.832 - 1.619ms returns 0
T3528 227:256.832 JLINK_EMU_GetList(InterfaceMask = 0x00000002, MaxInfos = 0x00000032) 
T3528 227:282.016 - 25.170ms returns 0
T3528 228:397.472 JLINK_EMU_GetList(InterfaceMask = 0x00000001, MaxInfos = 0x00000032) 
T3528 228:399.136 - 1.662ms returns 0
T3528 228:399.136 JLINK_EMU_GetList(InterfaceMask = 0x00000002, MaxInfos = 0x00000032) 
T3528 228:425.008 - 25.869ms returns 0
T3528 229:526.304 JLINK_EMU_GetList(InterfaceMask = 0x00000001, MaxInfos = 0x00000032) 
T3528 229:528.608 - 2.292ms returns 0
T3528 229:528.624 JLINK_EMU_GetList(InterfaceMask = 0x00000002, MaxInfos = 0x00000032) 
T3528 229:554.016 - 25.386ms returns 0
T3528 230:668.896 JLINK_EMU_GetList(InterfaceMask = 0x00000001, MaxInfos = 0x00000032) 
T3528 230:670.672 - 1.789ms returns 0
T3528 230:670.688 JLINK_EMU_GetList(InterfaceMask = 0x00000002, MaxInfos = 0x00000032) 
T3528 230:696.064 - 25.362ms returns 0
T3528 231:832.240 JLINK_EMU_GetList(InterfaceMask = 0x00000001, MaxInfos = 0x00000032) 
T3528 231:833.904 - 1.668ms returns 0
T3528 231:833.936 JLINK_EMU_GetList(InterfaceMask = 0x00000002, MaxInfos = 0x00000032) 
T3528 231:860.048 - 26.102ms returns 0
T3528 232:993.232 JLINK_EMU_GetList(InterfaceMask = 0x00000001, MaxInfos = 0x00000032) 
T3528 232:994.992 - 1.746ms returns 0
T3528 232:994.992 JLINK_EMU_GetList(InterfaceMask = 0x00000002, MaxInfos = 0x00000032) 
T3528 233:019.952 - 24.965ms returns 0
T3528 234:116.320 JLINK_EMU_GetList(InterfaceMask = 0x00000001, MaxInfos = 0x00000032) 
T3528 234:118.736 - 2.412ms returns 0
T3528 234:118.752 JLINK_EMU_GetList(InterfaceMask = 0x00000002, MaxInfos = 0x00000032) 
T3528 234:144.000 - 25.251ms returns 0
T3528 235:244.320 JLINK_EMU_GetList(InterfaceMask = 0x00000001, MaxInfos = 0x00000032) 
T3528 235:246.512 - 2.205ms returns 0
T3528 235:246.512 JLINK_EMU_GetList(InterfaceMask = 0x00000002, MaxInfos = 0x00000032) 
T3528 235:271.984 - 25.457ms returns 0
T3528 236:405.296 JLINK_EMU_GetList(InterfaceMask = 0x00000001, MaxInfos = 0x00000032) 
T3528 236:407.040 - 1.748ms returns 0
T3528 236:407.040 JLINK_EMU_GetList(InterfaceMask = 0x00000002, MaxInfos = 0x00000032) 
T3528 236:432.000 - 24.947ms returns 0
T3528 237:533.008 JLINK_EMU_GetList(InterfaceMask = 0x00000001, MaxInfos = 0x00000032) 
T3528 237:534.640 - 1.635ms returns 0
T3528 237:534.640 JLINK_EMU_GetList(InterfaceMask = 0x00000002, MaxInfos = 0x00000032) 
T3528 237:559.984 - 25.330ms returns 0
T3528 238:700.416 JLINK_EMU_GetList(InterfaceMask = 0x00000001, MaxInfos = 0x00000032) 
T3528 238:702.048 - 1.628ms returns 0
T3528 238:702.080 JLINK_EMU_GetList(InterfaceMask = 0x00000002, MaxInfos = 0x00000032) 
T3528 238:727.040 - 24.963ms returns 0
T3528 239:884.672 JLINK_EMU_GetList(InterfaceMask = 0x00000001, MaxInfos = 0x00000032) 
T3528 239:886.304 - 1.624ms returns 0
T3528 239:886.304 JLINK_EMU_GetList(InterfaceMask = 0x00000002, MaxInfos = 0x00000032) 
T3528 239:911.040 - 24.710ms returns 0
T3528 241:058.480 JLINK_EMU_GetList(InterfaceMask = 0x00000001, MaxInfos = 0x00000032) 
T3528 241:060.096 - 1.625ms returns 0
T3528 241:060.128 JLINK_EMU_GetList(InterfaceMask = 0x00000002, MaxInfos = 0x00000032) 
T3528 241:086.032 - 25.898ms returns 0
T3528 242:201.680 JLINK_EMU_GetList(InterfaceMask = 0x00000001, MaxInfos = 0x00000032) 
T3528 242:203.680 - 1.979ms returns 0
T3528 242:203.680 JLINK_EMU_GetList(InterfaceMask = 0x00000002, MaxInfos = 0x00000032) 
T3528 242:229.984 - 26.315ms returns 0
T3528 243:374.160 JLINK_EMU_GetList(InterfaceMask = 0x00000001, MaxInfos = 0x00000032) 
T3528 243:377.408 - 3.244ms returns 0
T3528 243:377.408 JLINK_EMU_GetList(InterfaceMask = 0x00000002, MaxInfos = 0x00000032) 
T3528 243:406.112 - 28.683ms returns 0
T3528 244:548.992 JLINK_EMU_GetList(InterfaceMask = 0x00000001, MaxInfos = 0x00000032) 
T3528 244:550.960 - 1.954ms returns 0
T3528 244:550.960 JLINK_EMU_GetList(InterfaceMask = 0x00000002, MaxInfos = 0x00000032) 
T3528 244:576.976 - 26.005ms returns 0
T3528 245:758.160 JLINK_EMU_GetList(InterfaceMask = 0x00000001, MaxInfos = 0x00000032) 
T3528 245:760.288 - 2.130ms returns 0
T3528 245:760.304 JLINK_EMU_GetList(InterfaceMask = 0x00000002, MaxInfos = 0x00000032) 
T3528 245:786.016 - 25.714ms returns 0
T3528 246:914.128 JLINK_EMU_GetList(InterfaceMask = 0x00000001, MaxInfos = 0x00000032) 
T3528 246:915.920 - 1.786ms returns 0
T3528 246:915.936 JLINK_EMU_GetList(InterfaceMask = 0x00000002, MaxInfos = 0x00000032) 
T3528 246:941.008 - 25.077ms returns 0
T3528 248:065.184 JLINK_EMU_GetList(InterfaceMask = 0x00000001, MaxInfos = 0x00000032) 
T3528 248:066.784 - 1.614ms returns 0
T3528 248:066.784 JLINK_EMU_GetList(InterfaceMask = 0x00000002, MaxInfos = 0x00000032) 
T3528 248:092.256 - 25.462ms returns 0
T3528 249:190.144 JLINK_EMU_GetList(InterfaceMask = 0x00000001, MaxInfos = 0x00000032) 
T3528 249:191.840 - 1.697ms returns 0
T3528 249:191.840 JLINK_EMU_GetList(InterfaceMask = 0x00000002, MaxInfos = 0x00000032) 
T3528 249:217.440 - 25.579ms returns 0
T3528 250:350.112 JLINK_EMU_GetList(InterfaceMask = 0x00000001, MaxInfos = 0x00000032) 
T3528 250:351.872 - 1.776ms returns 0
T3528 250:351.904 JLINK_EMU_GetList(InterfaceMask = 0x00000002, MaxInfos = 0x00000032) 
T3528 250:377.424 - 25.519ms returns 0
T3528 251:506.656 JLINK_EMU_GetList(InterfaceMask = 0x00000001, MaxInfos = 0x00000032) 
T3528 251:509.200 - 2.547ms returns 0
T3528 251:509.216 JLINK_EMU_GetList(InterfaceMask = 0x00000002, MaxInfos = 0x00000032) 
T3528 251:536.432 - 27.216ms returns 0
T3528 252:677.664 JLINK_EMU_GetList(InterfaceMask = 0x00000001, MaxInfos = 0x00000032) 
T3528 252:680.064 - 2.404ms returns 0
T3528 252:680.064 JLINK_EMU_GetList(InterfaceMask = 0x00000002, MaxInfos = 0x00000032) 
T3528 252:705.568 - 25.499ms returns 0
T3528 253:833.216 JLINK_EMU_GetList(InterfaceMask = 0x00000001, MaxInfos = 0x00000032) 
T3528 253:835.392 - 2.180ms returns 0
T3528 253:835.424 JLINK_EMU_GetList(InterfaceMask = 0x00000002, MaxInfos = 0x00000032) 
T3528 253:861.376 - 25.978ms returns 0
T3528 254:964.736 JLINK_EMU_GetList(InterfaceMask = 0x00000001, MaxInfos = 0x00000032) 
T3528 254:966.352 - 1.630ms returns 0
T3528 254:966.368 JLINK_EMU_GetList(InterfaceMask = 0x00000002, MaxInfos = 0x00000032) 
T3528 254:991.408 - 25.040ms returns 0
T3528 256:123.776 JLINK_EMU_GetList(InterfaceMask = 0x00000001, MaxInfos = 0x00000032) 
T3528 256:126.208 - 2.429ms returns 0
T3528 256:126.240 JLINK_EMU_GetList(InterfaceMask = 0x00000002, MaxInfos = 0x00000032) 
T3528 256:152.448 - 26.208ms returns 0
T3528 257:274.080 JLINK_EMU_GetList(InterfaceMask = 0x00000001, MaxInfos = 0x00000032) 
T3528 257:275.728 - 1.639ms returns 0
T3528 257:275.728 JLINK_EMU_GetList(InterfaceMask = 0x00000002, MaxInfos = 0x00000032) 
T3528 257:300.432 - 24.689ms returns 0
T3528 258:440.064 JLINK_EMU_GetList(InterfaceMask = 0x00000001, MaxInfos = 0x00000032) 
T3528 258:441.824 - 1.754ms returns 0
T3528 258:441.824 JLINK_EMU_GetList(InterfaceMask = 0x00000002, MaxInfos = 0x00000032) 
T3528 258:467.456 - 25.601ms returns 0
T3528 259:602.976 JLINK_EMU_GetList(InterfaceMask = 0x00000001, MaxInfos = 0x00000032) 
T3528 259:604.640 - 1.683ms returns 0
T3528 259:604.656 JLINK_EMU_GetList(InterfaceMask = 0x00000002, MaxInfos = 0x00000032) 
T3528 259:630.416 - 25.763ms returns 0
T3528 260:741.728 JLINK_EMU_GetList(InterfaceMask = 0x00000001, MaxInfos = 0x00000032) 
T3528 260:743.376 - 1.640ms returns 0
T3528 260:743.392 JLINK_EMU_GetList(InterfaceMask = 0x00000002, MaxInfos = 0x00000032) 
T3528 260:768.416 - 25.017ms returns 0
